# JRE version: OpenJDK Runtime Environment Corretto-17.0.11.9.1 (17.0.11+9) (build 17.0.11+9-LTS)
# Java VM: OpenJDK 64-Bit Server VM Corretto-17.0.11.9.1 (17.0.11+9-LTS, mixed mode, sharing, tiered, compressed oops, compressed class ptrs, g1 gc, windows-amd64)
GC Precious Log:
 CPUs: 2 total, 2 available
 Memory: 3919M
 Large Page Support: Disabled
 NUMA Support: Disabled
 Compressed Oops: Enabled (32-bit)
 Heap Region Size: 1M
 Heap Min Capacity: 8M
 Heap Initial Capacity: 62M
 Heap Max Capacity: 980M
 Pre-touch: Disabled
 Parallel Workers: 2
 Concurrent Workers: 1
 Concurrent Refinement Workers: 2
 Periodic GC: Disabled
Heap:
 garbage-first heap   total 61440K, used 32420K [0x00000000c2c00000, 0x0000000100000000)
  region size 1024K, 9 young (9216K), 2 survivors (2048K)
 Metaspace       used 52473K, committed 52992K, reserved 1114112K
  class space    used 7022K, committed 7296K, reserved 1048576K
GC Heap History (20 events):
Event: 4.991 GC heap before
{Heap before GC invocations=5 (full 0):
 garbage-first heap   total 63488K, used 39493K [0x00000000c2c00000, 0x0000000100000000)
  region size 1024K, 33 young (33792K), 3 survivors (3072K)
 Metaspace       used 17992K, committed 18304K, reserved 1114112K
  class space    used 2202K, committed 2368K, reserved 1048576K
}
Event: 5.008 GC heap after
{Heap after GC invocations=6 (full 0):
 garbage-first heap   total 63488K, used 12504K [0x00000000c2c00000, 0x0000000100000000)
  region size 1024K, 5 young (5120K), 5 survivors (5120K)
 Metaspace       used 17992K, committed 18304K, reserved 1114112K
  class space    used 2202K, committed 2368K, reserved 1048576K
}
Event: 6.521 GC heap before
{Heap before GC invocations=6 (full 0):
 garbage-first heap   total 63488K, used 42200K [0x00000000c2c00000, 0x0000000100000000)
  region size 1024K, 34 young (34816K), 5 survivors (5120K)
 Metaspace       used 20889K, committed 21184K, reserved 1114112K
  class space    used 2541K, committed 2688K, reserved 1048576K
}
Event: 6.536 GC heap after
{Heap after GC invocations=7 (full 0):
 garbage-first heap   total 63488K, used 14114K [0x00000000c2c00000, 0x0000000100000000)
  region size 1024K, 2 young (2048K), 2 survivors (2048K)
 Metaspace       used 20889K, committed 21184K, reserved 1114112K
  class space    used 2541K, committed 2688K, reserved 1048576K
}
Event: 6.689 GC heap before
{Heap before GC invocations=7 (full 0):
 garbage-first heap   total 63488K, used 16162K [0x00000000c2c00000, 0x0000000100000000)
  region size 1024K, 5 young (5120K), 2 survivors (2048K)
 Metaspace       used 21181K, committed 21504K, reserved 1114112K
  class space    used 2583K, committed 2752K, reserved 1048576K
}
Event: 6.698 GC heap after
{Heap after GC invocations=8 (full 0):
 garbage-first heap   total 63488K, used 14615K [0x00000000c2c00000, 0x0000000100000000)
  region size 1024K, 3 young (3072K), 3 survivors (3072K)
 Metaspace       used 21181K, committed 21504K, reserved 1114112K
  class space    used 2583K, committed 2752K, reserved 1048576K
}
Event: 8.984 GC heap before
{Heap before GC invocations=9 (full 0):
 garbage-first heap   total 51200K, used 42263K [0x00000000c2c00000, 0x0000000100000000)
  region size 1024K, 30 young (30720K), 3 survivors (3072K)
 Metaspace       used 25691K, committed 26112K, reserved 1114112K
  class space    used 3274K, committed 3456K, reserved 1048576K
}
Event: 9.011 GC heap after
{Heap after GC invocations=10 (full 0):
 garbage-first heap   total 51200K, used 17053K [0x00000000c2c00000, 0x0000000100000000)
  region size 1024K, 3 young (3072K), 3 survivors (3072K)
 Metaspace       used 25691K, committed 26112K, reserved 1114112K
  class space    used 3274K, committed 3456K, reserved 1048576K
}
Event: 9.055 GC heap before
{Heap before GC invocations=10 (full 0):
 garbage-first heap   total 51200K, used 18077K [0x00000000c2c00000, 0x0000000100000000)
  region size 1024K, 4 young (4096K), 3 survivors (3072K)
 Metaspace       used 25775K, committed 26112K, reserved 1114112K
  class space    used 3291K, committed 3456K, reserved 1048576K
}
Event: 9.065 GC heap after
{Heap after GC invocations=11 (full 0):
 garbage-first heap   total 61440K, used 17562K [0x00000000c2c00000, 0x0000000100000000)
  region size 1024K, 1 young (1024K), 1 survivors (1024K)
 Metaspace       used 25775K, committed 26112K, reserved 1114112K
  class space    used 3291K, committed 3456K, reserved 1048576K
}
Event: 10.010 GC heap before
{Heap before GC invocations=11 (full 0):
 garbage-first heap   total 61440K, used 51354K [0x00000000c2c00000, 0x0000000100000000)
  region size 1024K, 29 young (29696K), 1 survivors (1024K)
 Metaspace       used 28787K, committed 29248K, reserved 1114112K
  class space    used 3605K, committed 3840K, reserved 1048576K
}
Event: 10.019 GC heap after
{Heap after GC invocations=12 (full 0):
 garbage-first heap   total 61440K, used 21096K [0x00000000c2c00000, 0x0000000100000000)
  region size 1024K, 4 young (4096K), 4 survivors (4096K)
 Metaspace       used 28787K, committed 29248K, reserved 1114112K
  class space    used 3605K, committed 3840K, reserved 1048576K
}
Event: 11.548 GC heap before
{Heap before GC invocations=12 (full 0):
 garbage-first heap   total 61440K, used 45672K [0x00000000c2c00000, 0x0000000100000000)
  region size 1024K, 28 young (28672K), 4 survivors (4096K)
 Metaspace       used 33209K, committed 33664K, reserved 1114112K
  class space    used 4206K, committed 4416K, reserved 1048576K
}
Event: 11.558 GC heap after
{Heap after GC invocations=13 (full 0):
 garbage-first heap   total 61440K, used 22700K [0x00000000c2c00000, 0x0000000100000000)
  region size 1024K, 2 young (2048K), 2 survivors (2048K)
 Metaspace       used 33209K, committed 33664K, reserved 1114112K
  class space    used 4206K, committed 4416K, reserved 1048576K
}
Event: 11.963 GC heap before
{Heap before GC invocations=13 (full 0):
 garbage-first heap   total 61440K, used 31916K [0x00000000c2c00000, 0x0000000100000000)
  region size 1024K, 12 young (12288K), 2 survivors (2048K)
 Metaspace       used 35521K, committed 35968K, reserved 1114112K
  class space    used 4591K, committed 4800K, reserved 1048576K
}
Event: 11.972 GC heap after
{Heap after GC invocations=14 (full 0):
 garbage-first heap   total 61440K, used 22948K [0x00000000c2c00000, 0x0000000100000000)
  region size 1024K, 2 young (2048K), 2 survivors (2048K)
 Metaspace       used 35521K, committed 35968K, reserved 1114112K
  class space    used 4591K, committed 4800K, reserved 1048576K
}
Event: 14.719 GC heap before
{Heap before GC invocations=15 (full 0):
 garbage-first heap   total 61440K, used 47524K [0x00000000c2c00000, 0x0000000100000000)
  region size 1024K, 26 young (26624K), 2 survivors (2048K)
 Metaspace       used 44500K, committed 44928K, reserved 1114112K
  class space    used 5834K, committed 6080K, reserved 1048576K
}
Event: 14.739 GC heap after
{Heap after GC invocations=16 (full 0):
 garbage-first heap   total 61440K, used 25144K [0x00000000c2c00000, 0x0000000100000000)
  region size 1024K, 4 young (4096K), 4 survivors (4096K)
 Metaspace       used 44500K, committed 44928K, reserved 1114112K
  class space    used 5834K, committed 6080K, reserved 1048576K
}
Event: 16.022 GC heap before
{Heap before GC invocations=16 (full 0):
 garbage-first heap   total 61440K, used 47672K [0x00000000c2c00000, 0x0000000100000000)
  region size 1024K, 26 young (26624K), 4 survivors (4096K)
 Metaspace       used 50880K, committed 51392K, reserved 1114112K
  class space    used 6718K, committed 6976K, reserved 1048576K
}
Event: 16.032 GC heap after
{Heap after GC invocations=17 (full 0):
 garbage-first heap   total 61440K, used 26276K [0x00000000c2c00000, 0x0000000100000000)
  region size 1024K, 2 young (2048K), 2 survivors (2048K)
 Metaspace       used 50880K, committed 51392K, reserved 1114112K
  class space    used 6718K, committed 6976K, reserved 1048576K
}

